Build started 10/22/2014 8:01:33 PM.
     1>Project "C:\Users\Austen\Documents\GitHub\burningsymbol\vs2013\BurningSymbol\BurningSymbol.vcxproj" on node 2 (Rebuild target(s)).
     1>ClCompile:
         C:\Program Files (x86)\Microsoft Visual Studio 12.0\VC\bin\CL.exe /c /ZI /nologo /W3 /WX- /sdl /Od /Oy- /D M_THREAD /D WIN32 /D _DEBUG /D _CONSOLE /D _LIB /D _UNICODE /D UNICODE /Gm /EHsc /RTC1 /MDd /GS /fp:precise /Zc:wchar_t /Zc:forScope /Fo"Debug\\" /Fd"Debug\vc120.pdb" /Gd /TP /analyze- /errorReport:prompt ..\..\src\astar.cpp ..\..\src\Battle.cpp ..\..\src\Clock.cpp ..\..\src\Config.cpp ..\..\src\Engine.cpp ..\..\src\Data.cpp ..\..\src\Dialog.cpp ..\..\src\Entities.cpp ..\..\src\EntityPool.cpp ..\..\src\Graphics.cpp ..\..\src\Index.cpp ..\..\src\Input.cpp ..\..\src\Items.cpp ..\..\src\Logic.cpp ..\..\src\main.cpp ..\..\src\Map.cpp ..\..\src\Menu.cpp ..\..\src\Message.cpp ..\..\src\OrderedPool.cpp ..\..\src\Resources.cpp ..\..\src\Scripting.cpp ..\..\src\ScriptingLibraries.cpp ..\..\src\Sequence.cpp ..\..\src\State.cpp ..\..\src\Status.cpp ..\..\src\Threading.cpp ..\..\src\Tile.cpp ..\..\src\Unit.cpp
         Unit.cpp
     1>c:\users\austen\documents\github\burningsymbol\src\threading.h(5): warning C4005: 'M_THREAD' : macro redefinition
                 command-line arguments :  see previous definition of 'M_THREAD'
     1>c:\users\austen\documents\github\burningsymbol\src\entities.h(90): warning C4244: 'return' : conversion from 'double' to 'int', possible loss of data
     1>c:\users\austen\documents\github\burningsymbol\src\entities.h(91): warning C4244: 'return' : conversion from 'double' to 'int', possible loss of data
     1>c:\users\austen\documents\github\burningsymbol\src\entities.h(92): warning C4244: 'return' : conversion from 'double' to 'int', possible loss of data
     1>c:\users\austen\documents\github\burningsymbol\src\unit.h(120): warning C4800: 'int' : forcing value to bool 'true' or 'false' (performance warning)
     1>c:\users\austen\documents\github\burningsymbol\src\unit.cpp(9): warning C4800: 'int' : forcing value to bool 'true' or 'false' (performance warning)
     1>c:\users\austen\documents\github\burningsymbol\src\unit.cpp(57): warning C4101: 'buf' : unreferenced local variable
     1>c:\users\austen\documents\github\burningsymbol\src\unit.cpp(141): warning C4244: '=' : conversion from 'double' to 'int', possible loss of data
     1>c:\users\austen\documents\github\burningsymbol\src\unit.cpp(188): warning C4244: 'return' : conversion from 'double' to 'int', possible loss of data
     1>c:\users\austen\documents\github\burningsymbol\src\unit.cpp(192): warning C4244: 'return' : conversion from 'double' to 'int', possible loss of data
         Tile.cpp
     1>c:\users\austen\documents\github\burningsymbol\src\threading.h(5): warning C4005: 'M_THREAD' : macro redefinition
                 command-line arguments :  see previous definition of 'M_THREAD'
     1>c:\users\austen\documents\github\burningsymbol\src\entities.h(90): warning C4244: 'return' : conversion from 'double' to 'int', possible loss of data
     1>c:\users\austen\documents\github\burningsymbol\src\entities.h(91): warning C4244: 'return' : conversion from 'double' to 'int', possible loss of data
     1>c:\users\austen\documents\github\burningsymbol\src\entities.h(92): warning C4244: 'return' : conversion from 'double' to 'int', possible loss of data
     1>c:\users\austen\documents\github\burningsymbol\src\tile.cpp(119): warning C4244: 'argument' : conversion from 'double' to 'int', possible loss of data
     1>c:\users\austen\documents\github\burningsymbol\src\tile.cpp(124): warning C4244: 'argument' : conversion from 'double' to 'int', possible loss of data
     1>c:\users\austen\documents\github\burningsymbol\src\tile.cpp(131): warning C4244: 'argument' : conversion from 'double' to 'int', possible loss of data
         Threading.cpp
     1>c:\users\austen\documents\github\burningsymbol\src\threading.h(5): warning C4005: 'M_THREAD' : macro redefinition
                 command-line arguments :  see previous definition of 'M_THREAD'
     1>c:\users\austen\documents\github\burningsymbol\src\threading.cpp(53): warning C4800: 'int' : forcing value to bool 'true' or 'false' (performance warning)
         Status.cpp
     1>c:\users\austen\documents\github\burningsymbol\src\threading.h(5): warning C4005: 'M_THREAD' : macro redefinition
                 command-line arguments :  see previous definition of 'M_THREAD'
     1>c:\users\austen\documents\github\burningsymbol\src\entities.h(90): warning C4244: 'return' : conversion from 'double' to 'int', possible loss of data
     1>c:\users\austen\documents\github\burningsymbol\src\entities.h(91): warning C4244: 'return' : conversion from 'double' to 'int', possible loss of data
     1>c:\users\austen\documents\github\burningsymbol\src\entities.h(92): warning C4244: 'return' : conversion from 'double' to 'int', possible loss of data
     1>c:\users\austen\documents\github\burningsymbol\src\unit.h(120): warning C4800: 'int' : forcing value to bool 'true' or 'false' (performance warning)
     1>c:\users\austen\documents\github\burningsymbol\src\status.cpp(67): warning C4244: 'argument' : conversion from 'double' to 'int', possible loss of data
     1>c:\users\austen\documents\github\burningsymbol\src\status.cpp(73): warning C4244: '=' : conversion from 'float' to 'int', possible loss of data
     1>c:\users\austen\documents\github\burningsymbol\src\status.cpp(74): warning C4244: 'argument' : conversion from 'double' to 'int', possible loss of data
     1>c:\users\austen\documents\github\burningsymbol\src\status.cpp(239): warning C4244: 'argument' : conversion from 'double' to 'int', possible loss of data
     1>c:\users\austen\documents\github\burningsymbol\src\status.cpp(244): warning C4244: 'argument' : conversion from 'double' to 'int', possible loss of data
     1>c:\users\austen\documents\github\burningsymbol\src\status.cpp(246): warning C4244: 'argument' : conversion from 'double' to 'int', possible loss of data
     1>c:\users\austen\documents\github\burningsymbol\src\status.cpp(250): warning C4244: 'argument' : conversion from 'double' to 'int', possible loss of data
     1>c:\users\austen\documents\github\burningsymbol\src\status.cpp(335): warning C4244: 'argument' : conversion from 'double' to 'int', possible loss of data
     1>c:\users\austen\documents\github\burningsymbol\src\status.cpp(340): warning C4244: 'argument' : conversion from 'double' to 'int', possible loss of data
     1>c:\users\austen\documents\github\burningsymbol\src\status.cpp(342): warning C4244: 'argument' : conversion from 'double' to 'int', possible loss of data
     1>c:\users\austen\documents\github\burningsymbol\src\status.cpp(356): warning C4244: 'argument' : conversion from 'double' to 'int', possible loss of data
     1>c:\users\austen\documents\github\burningsymbol\src\status.cpp(359): warning C4244: 'argument' : conversion from 'double' to 'int', possible loss of data
     1>c:\users\austen\documents\github\burningsymbol\src\status.cpp(442): warning C4244: 'argument' : conversion from 'double' to 'int', possible loss of data
     1>c:\users\austen\documents\github\burningsymbol\src\status.cpp(447): warning C4244: 'argument' : conversion from 'double' to 'int', possible loss of data
     1>c:\users\austen\documents\github\burningsymbol\src\status.cpp(449): warning C4244: 'argument' : conversion from 'double' to 'int', possible loss of data
     1>c:\users\austen\documents\github\burningsymbol\src\status.cpp(458): warning C4244: 'argument' : conversion from 'double' to 'int', possible loss of data
         State.cpp
     1>c:\users\austen\documents\github\burningsymbol\src\threading.h(5): warning C4005: 'M_THREAD' : macro redefinition
                 command-line arguments :  see previous definition of 'M_THREAD'
     1>c:\users\austen\documents\github\burningsymbol\src\entities.h(90): warning C4244: 'return' : conversion from 'double' to 'int', possible loss of data
     1>c:\users\austen\documents\github\burningsymbol\src\entities.h(91): warning C4244: 'return' : conversion from 'double' to 'int', possible loss of data
     1>c:\users\austen\documents\github\burningsymbol\src\entities.h(92): warning C4244: 'return' : conversion from 'double' to 'int', possible loss of data
     1>c:\users\austen\documents\github\burningsymbol\src\unit.h(120): warning C4800: 'int' : forcing value to bool 'true' or 'false' (performance warning)
         Sequence.cpp
     1>c:\users\austen\documents\github\burningsymbol\src\threading.h(5): warning C4005: 'M_THREAD' : macro redefinition
                 command-line arguments :  see previous definition of 'M_THREAD'
     1>c:\users\austen\documents\github\burningsymbol\src\entities.h(90): warning C4244: 'return' : conversion from 'double' to 'int', possible loss of data
     1>c:\users\austen\documents\github\burningsymbol\src\entities.h(91): warning C4244: 'return' : conversion from 'double' to 'int', possible loss of data
     1>c:\users\austen\documents\github\burningsymbol\src\entities.h(92): warning C4244: 'return' : conversion from 'double' to 'int', possible loss of data
     1>c:\users\austen\documents\github\burningsymbol\src\unit.h(120): warning C4800: 'int' : forcing value to bool 'true' or 'false' (performance warning)
     1>c:\users\austen\documents\github\burningsymbol\src\sequence.cpp(23): warning C4244: '=' : conversion from 'double' to 'unsigned int', possible loss of data
     1>c:\users\austen\documents\github\burningsymbol\src\sequence.cpp(26): warning C4244: '=' : conversion from 'double' to 'unsigned int', possible loss of data
     1>c:\users\austen\documents\github\burningsymbol\src\sequence.cpp(28): warning C4244: '=' : conversion from 'double' to 'unsigned int', possible loss of data
         ScriptingLibraries.cpp
     1>c:\users\austen\documents\github\burningsymbol\src\threading.h(5): warning C4005: 'M_THREAD' : macro redefinition
                 command-line arguments :  see previous definition of 'M_THREAD'
     1>c:\users\austen\documents\github\burningsymbol\src\entities.h(90): warning C4244: 'return' : conversion from 'double' to 'int', possible loss of data
     1>c:\users\austen\documents\github\burningsymbol\src\entities.h(91): warning C4244: 'return' : conversion from 'double' to 'int', possible loss of data
     1>c:\users\austen\documents\github\burningsymbol\src\entities.h(92): warning C4244: 'return' : conversion from 'double' to 'int', possible loss of data
     1>c:\users\austen\documents\github\burningsymbol\src\unit.h(120): warning C4800: 'int' : forcing value to bool 'true' or 'false' (performance warning)
     1>c:\users\austen\documents\github\burningsymbol\src\scriptinglibraries.cpp(60): warning C4244: '=' : conversion from 'lua_Number' to 'int', possible loss of data
     1>c:\users\austen\documents\github\burningsymbol\src\scriptinglibraries.cpp(89): warning C4800: 'lua_Number' : forcing value to bool 'true' or 'false' (performance warning)
     1>c:\users\austen\documents\github\burningsymbol\src\scriptinglibraries.cpp(398): warning C4244: '=' : conversion from 'lua_Number' to 'int', possible loss of data
     1>c:\users\austen\documents\github\burningsymbol\src\scriptinglibraries.cpp(419): warning C4244: 'initializing' : conversion from 'lua_Number' to 'int', possible loss of data
     1>c:\users\austen\documents\github\burningsymbol\src\scriptinglibraries.cpp(432): warning C4244: '=' : conversion from 'lua_Number' to 'unsigned int', possible loss of data
     1>c:\users\austen\documents\github\burningsymbol\src\scriptinglibraries.cpp(434): warning C4244: '=' : conversion from 'lua_Number' to 'int', possible loss of data
     1>c:\users\austen\documents\github\burningsymbol\src\scriptinglibraries.cpp(436): warning C4244: '=' : conversion from 'lua_Number' to 'int', possible loss of data
     1>c:\users\austen\documents\github\burningsymbol\src\scriptinglibraries.cpp(438): warning C4244: '=' : conversion from 'lua_Number' to 'int', possible loss of data
     1>c:\users\austen\documents\github\burningsymbol\src\scriptinglibraries.cpp(440): warning C4244: '=' : conversion from 'lua_Number' to 'int', possible loss of data
     1>c:\users\austen\documents\github\burningsymbol\src\scriptinglibraries.cpp(469): warning C4244: 'argument' : conversion from 'lua_Number' to 'Uint32', possible loss of data
     1>c:\users\austen\documents\github\burningsymbol\src\scriptinglibraries.cpp(469): warning C4800: 'lua_Number' : forcing value to bool 'true' or 'false' (performance warning)
     1>c:\users\austen\documents\github\burningsymbol\src\scriptinglibraries.cpp(558): warning C4244: 'argument' : conversion from 'lua_Number' to 'int', possible loss of data
     1>c:\users\austen\documents\github\burningsymbol\src\scriptinglibraries.cpp(570): warning C4244: 'argument' : conversion from 'lua_Number' to 'int', possible loss of data
     1>c:\users\austen\documents\github\burningsymbol\src\scriptinglibraries.cpp(583): warning C4244: '=' : conversion from 'lua_Number' to 'int', possible loss of data
     1>c:\users\austen\documents\github\burningsymbol\src\scriptinglibraries.cpp(584): warning C4244: '=' : conversion from 'lua_Number' to 'int', possible loss of data
     1>c:\users\austen\documents\github\burningsymbol\src\scriptinglibraries.cpp(585): warning C4244: '=' : conversion from 'lua_Number' to 'int', possible loss of data
     1>c:\users\austen\documents\github\burningsymbol\src\scriptinglibraries.cpp(586): warning C4244: '=' : conversion from 'lua_Number' to 'int', possible loss of data
     1>c:\users\austen\documents\github\burningsymbol\src\scriptinglibraries.cpp(596): warning C4244: '=' : conversion from 'lua_Number' to 'int', possible loss of data
     1>c:\users\austen\documents\github\burningsymbol\src\scriptinglibraries.cpp(597): warning C4244: '=' : conversion from 'lua_Number' to 'int', possible loss of data
     1>c:\users\austen\documents\github\burningsymbol\src\scriptinglibraries.cpp(598): warning C4244: '=' : conversion from 'lua_Number' to 'int', possible loss of data
     1>c:\users\austen\documents\github\burningsymbol\src\scriptinglibraries.cpp(599): warning C4244: '=' : conversion from 'lua_Number' to 'int', possible loss of data
     1>c:\users\austen\documents\github\burningsymbol\src\scriptinglibraries.cpp(623): warning C4244: 'argument' : conversion from 'lua_Number' to 'int', possible loss of data
     1>c:\users\austen\documents\github\burningsymbol\src\scriptinglibraries.cpp(664): warning C4244: 'argument' : conversion from 'lua_Number' to 'int', possible loss of data
     1>c:\users\austen\documents\github\burningsymbol\src\scriptinglibraries.cpp(674): warning C4244: 'argument' : conversion from 'lua_Number' to 'int', possible loss of data
     1>c:\users\austen\documents\github\burningsymbol\src\scriptinglibraries.cpp(683): warning C4244: 'argument' : conversion from 'lua_Number' to 'int', possible loss of data
     1>c:\users\austen\documents\github\burningsymbol\src\scriptinglibraries.cpp(706): warning C4244: '=' : conversion from 'lua_Number' to 'int', possible loss of data
     1>c:\users\austen\documents\github\burningsymbol\src\scriptinglibraries.cpp(707): warning C4800: 'lua_Number' : forcing value to bool 'true' or 'false' (performance warning)
     1>c:\users\austen\documents\github\burningsymbol\src\scriptinglibraries.cpp(710): warning C4800: 'lua_Number' : forcing value to bool 'true' or 'false' (performance warning)
     1>c:\users\austen\documents\github\burningsymbol\src\scriptinglibraries.cpp(752): warning C4244: 'argument' : conversion from 'lua_Number' to 'Uint32', possible loss of data
     1>c:\users\austen\documents\github\burningsymbol\src\scriptinglibraries.cpp(752): warning C4800: 'lua_Number' : forcing value to bool 'true' or 'false' (performance warning)
     1>c:\users\austen\documents\github\burningsymbol\src\scriptinglibraries.cpp(811): warning C4244: 'argument' : conversion from 'lua_Number' to 'unsigned int', possible loss of data
     1>c:\users\austen\documents\github\burningsymbol\src\scriptinglibraries.cpp(816): warning C4244: 'argument' : conversion from 'lua_Number' to 'int', possible loss of data
     1>c:\users\austen\documents\github\burningsymbol\src\scriptinglibraries.cpp(861): warning C4800: 'lua_Number' : forcing value to bool 'true' or 'false' (performance warning)
     1>c:\users\austen\documents\github\burningsymbol\src\scriptinglibraries.cpp(827): warning C4101: 'sel' : unreferenced local variable
     1>c:\users\austen\documents\github\burningsymbol\src\scriptinglibraries.cpp(891): warning C4244: 'argument' : conversion from 'lua_Number' to 'Uint32', possible loss of data
     1>c:\users\austen\documents\github\burningsymbol\src\scriptinglibraries.cpp(891): warning C4800: 'lua_Number' : forcing value to bool 'true' or 'false' (performance warning)
     1>c:\users\austen\documents\github\burningsymbol\src\scriptinglibraries.cpp(898): warning C4244: 'argument' : conversion from 'lua_Number' to 'Uint32', possible loss of data
     1>c:\users\austen\documents\github\burningsymbol\src\scriptinglibraries.cpp(898): warning C4800: 'lua_Number' : forcing value to bool 'true' or 'false' (performance warning)
     1>c:\users\austen\documents\github\burningsymbol\src\scriptinglibraries.cpp(941): warning C4800: 'lua_Number' : forcing value to bool 'true' or 'false' (performance warning)
     1>c:\users\austen\documents\github\burningsymbol\src\scriptinglibraries.cpp(941): warning C4244: 'argument' : conversion from 'lua_Number' to 'unsigned int', possible loss of data
     1>c:\users\austen\documents\github\burningsymbol\src\scriptinglibraries.cpp(941): warning C4244: 'argument' : conversion from 'lua_Number' to 'int', possible loss of data
     1>c:\users\austen\documents\github\burningsymbol\src\scriptinglibraries.cpp(947): warning C4244: 'argument' : conversion from 'lua_Number' to 'int', possible loss of data
     1>c:\users\austen\documents\github\burningsymbol\src\scriptinglibraries.cpp(967): warning C4244: 'argument' : conversion from 'lua_Number' to 'int', possible loss of data
     1>c:\users\austen\documents\github\burningsymbol\src\scriptinglibraries.cpp(982): warning C4244: 'initializing' : conversion from 'double' to 'unsigned long', possible loss of data
     1>c:\users\austen\documents\github\burningsymbol\src\scriptinglibraries.cpp(998): warning C4244: 'initializing' : conversion from 'lua_Number' to 'unsigned long', possible loss of data
     1>c:\users\austen\documents\github\burningsymbol\src\scriptinglibraries.cpp(1007): warning C4244: 'argument' : conversion from 'lua_Number' to 'int', possible loss of data
     1>c:\users\austen\documents\github\burningsymbol\src\scriptinglibraries.cpp(1038): warning C4244: 'argument' : conversion from 'lua_Number' to 'int', possible loss of data
     1>c:\users\austen\documents\github\burningsymbol\src\scriptinglibraries.cpp(1047): warning C4244: 'argument' : conversion from 'lua_Number' to 'int', possible loss of data
     1>c:\users\austen\documents\github\burningsymbol\src\scriptinglibraries.cpp(1054): warning C4244: 'argument' : conversion from 'lua_Number' to 'int', possible loss of data
     1>c:\users\austen\documents\github\burningsymbol\src\scriptinglibraries.cpp(1065): warning C4244: 'argument' : conversion from 'lua_Number' to 'int', possible loss of data
     1>c:\users\austen\documents\github\burningsymbol\src\scriptinglibraries.cpp(1121): warning C4244: 'argument' : conversion from 'lua_Number' to 'int', possible loss of data
     1>c:\users\austen\documents\github\burningsymbol\src\scriptinglibraries.cpp(1131): warning C4244: 'argument' : conversion from 'lua_Number' to 'int', possible loss of data
     1>c:\users\austen\documents\github\burningsymbol\src\scriptinglibraries.cpp(1136): warning C4244: 'argument' : conversion from 'lua_Number' to 'int', possible loss of data
     1>c:\users\austen\documents\github\burningsymbol\src\scriptinglibraries.cpp(1189): warning C4800: 'lua_Number' : forcing value to bool 'true' or 'false' (performance warning)
     1>c:\users\austen\documents\github\burningsymbol\src\scriptinglibraries.cpp(1266): warning C4244: 'argument' : conversion from 'lua_Number' to 'unsigned int', possible loss of data
     1>c:\users\austen\documents\github\burningsymbol\src\scriptinglibraries.cpp(1281): warning C4244: 'argument' : conversion from 'lua_Number' to 'unsigned int', possible loss of data
     1>c:\users\austen\documents\github\burningsymbol\src\scriptinglibraries.cpp(1485): warning C4244: 'argument' : conversion from 'lua_Number' to 'int', possible loss of data
     1>c:\users\austen\documents\github\burningsymbol\src\scriptinglibraries.cpp(1488): warning C4244: 'argument' : conversion from 'lua_Number' to 'int', possible loss of data
     1>c:\users\austen\documents\github\burningsymbol\src\scriptinglibraries.cpp(1491): warning C4244: 'argument' : conversion from 'lua_Number' to 'int', possible loss of data
     1>c:\users\austen\documents\github\burningsymbol\src\scriptinglibraries.cpp(1494): warning C4244: 'argument' : conversion from 'lua_Number' to 'int', possible loss of data
     1>c:\users\austen\documents\github\burningsymbol\src\scriptinglibraries.cpp(1506): warning C4018: '<' : signed/unsigned mismatch
     1>c:\users\austen\documents\github\burningsymbol\src\scriptinglibraries.cpp(1519): warning C4244: 'argument' : conversion from 'lua_Number' to 'int', possible loss of data
     1>c:\users\austen\documents\github\burningsymbol\src\scriptinglibraries.cpp(1527): warning C4244: 'argument' : conversion from 'lua_Number' to 'int', possible loss of data
     1>c:\users\austen\documents\github\burningsymbol\src\scriptinglibraries.cpp(1535): warning C4244: 'argument' : conversion from 'lua_Number' to 'int', possible loss of data
     1>c:\users\austen\documents\github\burningsymbol\src\scriptinglibraries.cpp(1545): warning C4800: 'lua_Number' : forcing value to bool 'true' or 'false' (performance warning)
     1>c:\users\austen\documents\github\burningsymbol\src\scriptinglibraries.cpp(1549): warning C4800: 'lua_Number' : forcing value to bool 'true' or 'false' (performance warning)
     1>c:\users\austen\documents\github\burningsymbol\src\scriptinglibraries.cpp(1557): warning C4800: 'lua_Number' : forcing value to bool 'true' or 'false' (performance warning)
     1>c:\users\austen\documents\github\burningsymbol\src\scriptinglibraries.cpp(1590): warning C4244: 'argument' : conversion from 'lua_Number' to 'unsigned int', possible loss of data
     1>c:\users\austen\documents\github\burningsymbol\src\scriptinglibraries.cpp(1596): warning C4244: 'argument' : conversion from 'lua_Number' to 'unsigned int', possible loss of data
     1>c:\users\austen\documents\github\burningsymbol\src\scriptinglibraries.cpp(1602): warning C4244: 'argument' : conversion from 'lua_Number' to 'unsigned int', possible loss of data
     1>c:\users\austen\documents\github\burningsymbol\src\scriptinglibraries.cpp(1608): warning C4244: 'argument' : conversion from 'lua_Number' to 'unsigned int', possible loss of data
     1>c:\users\austen\documents\github\burningsymbol\src\scriptinglibraries.cpp(1620): warning C4244: 'argument' : conversion from 'lua_Number' to 'int', possible loss of data
     1>c:\users\austen\documents\github\burningsymbol\src\scriptinglibraries.cpp(1659): warning C4244: 'argument' : conversion from 'lua_Number' to 'int', possible loss of data
     1>c:\users\austen\documents\github\burningsymbol\src\scriptinglibraries.cpp(1802): warning C4244: 'argument' : conversion from 'lua_Number' to 'int', possible loss of data
     1>c:\users\austen\documents\github\burningsymbol\src\scriptinglibraries.cpp(1808): warning C4244: 'argument' : conversion from 'lua_Number' to 'int', possible loss of data
     1>c:\users\austen\documents\github\burningsymbol\src\scriptinglibraries.cpp(1813): warning C4244: 'argument' : conversion from 'lua_Number' to 'int', possible loss of data
         Scripting.cpp
     1>c:\users\austen\documents\github\burningsymbol\src\threading.h(5): warning C4005: 'M_THREAD' : macro redefinition
                 command-line arguments :  see previous definition of 'M_THREAD'
         Resources.cpp
     1>c:\users\austen\documents\github\burningsymbol\src\threading.h(5): warning C4005: 'M_THREAD' : macro redefinition
                 command-line arguments :  see previous definition of 'M_THREAD'
     1>c:\users\austen\documents\github\burningsymbol\src\entities.h(90): warning C4244: 'return' : conversion from 'double' to 'int', possible loss of data
     1>c:\users\austen\documents\github\burningsymbol\src\entities.h(91): warning C4244: 'return' : conversion from 'double' to 'int', possible loss of data
     1>c:\users\austen\documents\github\burningsymbol\src\entities.h(92): warning C4244: 'return' : conversion from 'double' to 'int', possible loss of data
     1>c:\users\austen\documents\github\burningsymbol\src\unit.h(120): warning C4800: 'int' : forcing value to bool 'true' or 'false' (performance warning)
     1>c:\users\austen\documents\github\burningsymbol\src\resources.cpp(83): warning C4018: '<' : signed/unsigned mismatch
     1>c:\users\austen\documents\github\burningsymbol\src\resources.cpp(149): warning C4018: '>=' : signed/unsigned mismatch
     1>c:\users\austen\documents\github\burningsymbol\src\resources.cpp(176): warning C4018: '<' : signed/unsigned mismatch
     1>c:\users\austen\documents\github\burningsymbol\src\resources.cpp(380): warning C4018: '<' : signed/unsigned mismatch
     1>c:\users\austen\documents\github\burningsymbol\src\resources.cpp(389): warning C4018: '<' : signed/unsigned mismatch
     1>c:\users\austen\documents\github\burningsymbol\src\resources.cpp(407): warning C4018: '<' : signed/unsigned mismatch
         OrderedPool.cpp
     1>c:\users\austen\documents\github\burningsymbol\src\threading.h(5): warning C4005: 'M_THREAD' : macro redefinition
                 command-line arguments :  see previous definition of 'M_THREAD'
     1>c:\users\austen\documents\github\burningsymbol\src\entities.h(90): warning C4244: 'return' : conversion from 'double' to 'int', possible loss of data
     1>c:\users\austen\documents\github\burningsymbol\src\entities.h(91): warning C4244: 'return' : conversion from 'double' to 'int', possible loss of data
     1>c:\users\austen\documents\github\burningsymbol\src\entities.h(92): warning C4244: 'return' : conversion from 'double' to 'int', possible loss of data
     1>c:\users\austen\documents\github\burningsymbol\src\unit.h(120): warning C4800: 'int' : forcing value to bool 'true' or 'false' (performance warning)
         Message.cpp
     1>c:\users\austen\documents\github\burningsymbol\src\threading.h(5): warning C4005: 'M_THREAD' : macro redefinition
                 command-line arguments :  see previous definition of 'M_THREAD'
     1>c:\users\austen\documents\github\burningsymbol\src\entities.h(90): warning C4244: 'return' : conversion from 'double' to 'int', possible loss of data
     1>c:\users\austen\documents\github\burningsymbol\src\entities.h(91): warning C4244: 'return' : conversion from 'double' to 'int', possible loss of data
     1>c:\users\austen\documents\github\burningsymbol\src\entities.h(92): warning C4244: 'return' : conversion from 'double' to 'int', possible loss of data
     1>c:\users\austen\documents\github\burningsymbol\src\unit.h(120): warning C4800: 'int' : forcing value to bool 'true' or 'false' (performance warning)
     1>c:\users\austen\documents\github\burningsymbol\src\message.cpp(67): warning C4018: '<' : signed/unsigned mismatch
     1>c:\users\austen\documents\github\burningsymbol\src\message.cpp(85): warning C4018: '<' : signed/unsigned mismatch
     1>c:\users\austen\documents\github\burningsymbol\src\message.cpp(117): warning C4018: '<' : signed/unsigned mismatch
     1>c:\users\austen\documents\github\burningsymbol\src\message.cpp(121): warning C4018: '<' : signed/unsigned mismatch
     1>c:\users\austen\documents\github\burningsymbol\src\message.cpp(147): warning C4018: '<' : signed/unsigned mismatch
         Menu.cpp
     1>c:\users\austen\documents\github\burningsymbol\src\threading.h(5): warning C4005: 'M_THREAD' : macro redefinition
                 command-line arguments :  see previous definition of 'M_THREAD'
     1>c:\users\austen\documents\github\burningsymbol\src\entities.h(90): warning C4244: 'return' : conversion from 'double' to 'int', possible loss of data
     1>c:\users\austen\documents\github\burningsymbol\src\entities.h(91): warning C4244: 'return' : conversion from 'double' to 'int', possible loss of data
     1>c:\users\austen\documents\github\burningsymbol\src\entities.h(92): warning C4244: 'return' : conversion from 'double' to 'int', possible loss of data
     1>c:\users\austen\documents\github\burningsymbol\src\unit.h(120): warning C4800: 'int' : forcing value to bool 'true' or 'false' (performance warning)
     1>c:\users\austen\documents\github\burningsymbol\src\menu.cpp(29): warning C4244: '=' : conversion from 'double' to 'int', possible loss of data
     1>c:\users\austen\documents\github\burningsymbol\src\menu.cpp(30): warning C4244: '=' : conversion from 'double' to 'int', possible loss of data
     1>c:\users\austen\documents\github\burningsymbol\src\menu.cpp(44): warning C4244: '=' : conversion from 'double' to 'int', possible loss of data
     1>c:\users\austen\documents\github\burningsymbol\src\menu.cpp(45): warning C4244: '=' : conversion from 'double' to 'int', possible loss of data
     1>c:\users\austen\documents\github\burningsymbol\src\menu.cpp(247): warning C4244: 'argument' : conversion from 'double' to 'int', possible loss of data
     1>c:\users\austen\documents\github\burningsymbol\src\menu.cpp(252): warning C4244: 'argument' : conversion from 'double' to 'int', possible loss of data
     1>c:\users\austen\documents\github\burningsymbol\src\menu.cpp(259): warning C4244: 'argument' : conversion from 'double' to 'int', possible loss of data
     1>c:\users\austen\documents\github\burningsymbol\src\menu.cpp(333): warning C4018: '<' : signed/unsigned mismatch
     1>c:\users\austen\documents\github\burningsymbol\src\menu.cpp(366): warning C4018: '>=' : signed/unsigned mismatch
     1>c:\users\austen\documents\github\burningsymbol\src\menu.cpp(450): warning C4244: 'argument' : conversion from 'double' to 'int', possible loss of data
     1>c:\users\austen\documents\github\burningsymbol\src\menu.cpp(455): warning C4244: 'argument' : conversion from 'double' to 'int', possible loss of data
     1>c:\users\austen\documents\github\burningsymbol\src\menu.cpp(457): warning C4244: 'argument' : conversion from 'double' to 'int', possible loss of data
     1>c:\users\austen\documents\github\burningsymbol\src\menu.cpp(461): warning C4018: '>' : signed/unsigned mismatch
         Map.cpp
     1>c:\users\austen\documents\github\burningsymbol\src\threading.h(5): warning C4005: 'M_THREAD' : macro redefinition
                 command-line arguments :  see previous definition of 'M_THREAD'
     1>c:\users\austen\documents\github\burningsymbol\src\entities.h(90): warning C4244: 'return' : conversion from 'double' to 'int', possible loss of data
     1>c:\users\austen\documents\github\burningsymbol\src\entities.h(91): warning C4244: 'return' : conversion from 'double' to 'int', possible loss of data
     1>c:\users\austen\documents\github\burningsymbol\src\entities.h(92): warning C4244: 'return' : conversion from 'double' to 'int', possible loss of data
     1>c:\users\austen\documents\github\burningsymbol\src\unit.h(120): warning C4800: 'int' : forcing value to bool 'true' or 'false' (performance warning)
     1>c:\users\austen\documents\github\burningsymbol\src\map.cpp(72): warning C4244: 'return' : conversion from 'double' to 'int', possible loss of data
     1>c:\users\austen\documents\github\burningsymbol\src\map.cpp(80): warning C4244: 'return' : conversion from 'double' to 'int', possible loss of data
     1>c:\users\austen\documents\github\burningsymbol\src\map.cpp(297): warning C4018: '<' : signed/unsigned mismatch
     1>c:\users\austen\documents\github\burningsymbol\src\map.cpp(306): warning C4018: '<' : signed/unsigned mismatch
     1>c:\users\austen\documents\github\burningsymbol\src\map.cpp(307): warning C4018: '<' : signed/unsigned mismatch
     1>c:\users\austen\documents\github\burningsymbol\src\map.cpp(333): warning C4018: '<' : signed/unsigned mismatch
     1>c:\users\austen\documents\github\burningsymbol\src\map.cpp(341): warning C4018: '<' : signed/unsigned mismatch
     1>c:\users\austen\documents\github\burningsymbol\src\map.cpp(426): warning C4018: '<' : signed/unsigned mismatch
     1>c:\users\austen\documents\github\burningsymbol\src\map.cpp(434): warning C4018: '<' : signed/unsigned mismatch
     1>c:\users\austen\documents\github\burningsymbol\src\map.cpp(573): warning C4244: '=' : conversion from 'double' to 'unsigned int', possible loss of data
     1>c:\users\austen\documents\github\burningsymbol\src\map.cpp(626): warning C4018: '<' : signed/unsigned mismatch
     1>c:\users\austen\documents\github\burningsymbol\src\map.cpp(628): warning C4018: '<' : signed/unsigned mismatch
     1>c:\users\austen\documents\github\burningsymbol\src\map.cpp(629): warning C4018: '<' : signed/unsigned mismatch
     1>c:\users\austen\documents\github\burningsymbol\src\map.cpp(636): warning C4018: '<' : signed/unsigned mismatch
     1>c:\users\austen\documents\github\burningsymbol\src\map.cpp(982): warning C4018: '<' : signed/unsigned mismatch
     1>c:\users\austen\documents\github\burningsymbol\src\map.cpp(983): warning C4018: '<' : signed/unsigned mismatch
     1>c:\users\austen\documents\github\burningsymbol\src\map.cpp(1032): warning C4018: '<' : signed/unsigned mismatch
     1>c:\users\austen\documents\github\burningsymbol\src\map.cpp(1041): warning C4018: '<' : signed/unsigned mismatch
     1>c:\users\austen\documents\github\burningsymbol\src\map.cpp(1081): warning C4018: '<' : signed/unsigned mismatch
     1>c:\users\austen\documents\github\burningsymbol\src\map.cpp(1083): warning C4018: '<' : signed/unsigned mismatch
     1>c:\users\austen\documents\github\burningsymbol\src\map.cpp(1085): warning C4018: '>' : signed/unsigned mismatch
     1>c:\users\austen\documents\github\burningsymbol\src\map.cpp(1087): warning C4018: '>' : signed/unsigned mismatch
     1>c:\users\austen\documents\github\burningsymbol\src\map.cpp(1125): warning C4018: '<' : signed/unsigned mismatch
     1>c:\users\austen\documents\github\burningsymbol\src\map.cpp(1141): warning C4018: '<' : signed/unsigned mismatch
     1>c:\users\austen\documents\github\burningsymbol\src\map.cpp(1149): warning C4018: '<' : signed/unsigned mismatch
     1>c:\users\austen\documents\github\burningsymbol\src\map.cpp(1156): warning C4018: '<' : signed/unsigned mismatch
     1>c:\users\austen\documents\github\burningsymbol\src\map.cpp(1207): warning C4018: '<' : signed/unsigned mismatch
     1>c:\users\austen\documents\github\burningsymbol\src\map.cpp(1250): warning C4018: '>=' : signed/unsigned mismatch
     1>c:\users\austen\documents\github\burningsymbol\src\map.cpp(1254): warning C4018: '>=' : signed/unsigned mismatch
     1>c:\users\austen\documents\github\burningsymbol\src\map.cpp(1285): warning C4018: '<' : signed/unsigned mismatch
         main.cpp
     1>c:\users\austen\documents\github\burningsymbol\src\threading.h(5): warning C4005: 'M_THREAD' : macro redefinition
                 command-line arguments :  see previous definition of 'M_THREAD'
     1>c:\users\austen\documents\github\burningsymbol\src\entities.h(90): warning C4244: 'return' : conversion from 'double' to 'int', possible loss of data
     1>c:\users\austen\documents\github\burningsymbol\src\entities.h(91): warning C4244: 'return' : conversion from 'double' to 'int', possible loss of data
     1>c:\users\austen\documents\github\burningsymbol\src\entities.h(92): warning C4244: 'return' : conversion from 'double' to 'int', possible loss of data
     1>c:\users\austen\documents\github\burningsymbol\src\unit.h(120): warning C4800: 'int' : forcing value to bool 'true' or 'false' (performance warning)
         Logic.cpp
     1>c:\users\austen\documents\github\burningsymbol\src\threading.h(5): warning C4005: 'M_THREAD' : macro redefinition
                 command-line arguments :  see previous definition of 'M_THREAD'
     1>c:\users\austen\documents\github\burningsymbol\src\entities.h(90): warning C4244: 'return' : conversion from 'double' to 'int', possible loss of data
     1>c:\users\austen\documents\github\burningsymbol\src\entities.h(91): warning C4244: 'return' : conversion from 'double' to 'int', possible loss of data
     1>c:\users\austen\documents\github\burningsymbol\src\entities.h(92): warning C4244: 'return' : conversion from 'double' to 'int', possible loss of data
     1>c:\users\austen\documents\github\burningsymbol\src\unit.h(120): warning C4800: 'int' : forcing value to bool 'true' or 'false' (performance warning)
         Items.cpp
     1>c:\users\austen\documents\github\burningsymbol\src\threading.h(5): warning C4005: 'M_THREAD' : macro redefinition
                 command-line arguments :  see previous definition of 'M_THREAD'
     1>c:\users\austen\documents\github\burningsymbol\src\entities.h(90): warning C4244: 'return' : conversion from 'double' to 'int', possible loss of data
     1>c:\users\austen\documents\github\burningsymbol\src\entities.h(91): warning C4244: 'return' : conversion from 'double' to 'int', possible loss of data
     1>c:\users\austen\documents\github\burningsymbol\src\entities.h(92): warning C4244: 'return' : conversion from 'double' to 'int', possible loss of data
     1>c:\users\austen\documents\github\burningsymbol\src\unit.h(120): warning C4800: 'int' : forcing value to bool 'true' or 'false' (performance warning)
         Input.cpp
     1>c:\users\austen\documents\github\burningsymbol\src\threading.h(5): warning C4005: 'M_THREAD' : macro redefinition
                 command-line arguments :  see previous definition of 'M_THREAD'
     1>c:\users\austen\documents\github\burningsymbol\src\input.cpp(39): warning C4800: 'double' : forcing value to bool 'true' or 'false' (performance warning)
         Index.cpp
     1>c:\users\austen\documents\github\burningsymbol\src\threading.h(5): warning C4005: 'M_THREAD' : macro redefinition
                 command-line arguments :  see previous definition of 'M_THREAD'
     1>c:\users\austen\documents\github\burningsymbol\src\entities.h(90): warning C4244: 'return' : conversion from 'double' to 'int', possible loss of data
     1>c:\users\austen\documents\github\burningsymbol\src\entities.h(91): warning C4244: 'return' : conversion from 'double' to 'int', possible loss of data
     1>c:\users\austen\documents\github\burningsymbol\src\entities.h(92): warning C4244: 'return' : conversion from 'double' to 'int', possible loss of data
         Graphics.cpp
     1>c:\users\austen\documents\github\burningsymbol\src\threading.h(5): warning C4005: 'M_THREAD' : macro redefinition
                 command-line arguments :  see previous definition of 'M_THREAD'
     1>c:\users\austen\documents\github\burningsymbol\src\graphics.cpp(106): warning C4800: 'int' : forcing value to bool 'true' or 'false' (performance warning)
         EntityPool.cpp
     1>c:\users\austen\documents\github\burningsymbol\src\threading.h(5): warning C4005: 'M_THREAD' : macro redefinition
                 command-line arguments :  see previous definition of 'M_THREAD'
     1>c:\users\austen\documents\github\burningsymbol\src\entities.h(90): warning C4244: 'return' : conversion from 'double' to 'int', possible loss of data
     1>c:\users\austen\documents\github\burningsymbol\src\entities.h(91): warning C4244: 'return' : conversion from 'double' to 'int', possible loss of data
     1>c:\users\austen\documents\github\burningsymbol\src\entities.h(92): warning C4244: 'return' : conversion from 'double' to 'int', possible loss of data
         Generating Code...
     1>c:\users\austen\documents\github\burningsymbol\src\resources.cpp(371): warning C4715: 'ResourceManager::SelectPartyUnit' : not all control paths return a value
     1>c:\users\austen\documents\github\burningsymbol\src\resources.cpp(377): warning C4715: 'ResourceManager::SelectPartyUnit' : not all control paths return a value
         Compiling...
         Entities.cpp
     1>c:\users\austen\documents\github\burningsymbol\src\threading.h(5): warning C4005: 'M_THREAD' : macro redefinition
                 command-line arguments :  see previous definition of 'M_THREAD'
     1>c:\users\austen\documents\github\burningsymbol\src\entities.h(90): warning C4244: 'return' : conversion from 'double' to 'int', possible loss of data
     1>c:\users\austen\documents\github\burningsymbol\src\entities.h(91): warning C4244: 'return' : conversion from 'double' to 'int', possible loss of data
     1>c:\users\austen\documents\github\burningsymbol\src\entities.h(92): warning C4244: 'return' : conversion from 'double' to 'int', possible loss of data
     1>c:\users\austen\documents\github\burningsymbol\src\unit.h(120): warning C4800: 'int' : forcing value to bool 'true' or 'false' (performance warning)
     1>c:\users\austen\documents\github\burningsymbol\src\entities.cpp(92): warning C4244: '=' : conversion from 'float' to 'unsigned int', possible loss of data
     1>c:\users\austen\documents\github\burningsymbol\src\entities.cpp(164): warning C4244: '=' : conversion from 'float' to 'unsigned int', possible loss of data
     1>c:\users\austen\documents\github\burningsymbol\src\entities.cpp(230): warning C4244: 'argument' : conversion from 'double' to 'int', possible loss of data
     1>c:\users\austen\documents\github\burningsymbol\src\entities.cpp(235): warning C4244: 'argument' : conversion from 'double' to 'int', possible loss of data
     1>c:\users\austen\documents\github\burningsymbol\src\entities.cpp(237): warning C4244: 'argument' : conversion from 'double' to 'int', possible loss of data
         Dialog.cpp
     1>c:\users\austen\documents\github\burningsymbol\src\threading.h(5): warning C4005: 'M_THREAD' : macro redefinition
                 command-line arguments :  see previous definition of 'M_THREAD'
     1>c:\users\austen\documents\github\burningsymbol\src\entities.h(90): warning C4244: 'return' : conversion from 'double' to 'int', possible loss of data
     1>c:\users\austen\documents\github\burningsymbol\src\entities.h(91): warning C4244: 'return' : conversion from 'double' to 'int', possible loss of data
     1>c:\users\austen\documents\github\burningsymbol\src\entities.h(92): warning C4244: 'return' : conversion from 'double' to 'int', possible loss of data
     1>c:\users\austen\documents\github\burningsymbol\src\unit.h(120): warning C4800: 'int' : forcing value to bool 'true' or 'false' (performance warning)
         Data.cpp
     1>c:\users\austen\documents\github\burningsymbol\src\threading.h(5): warning C4005: 'M_THREAD' : macro redefinition
                 command-line arguments :  see previous definition of 'M_THREAD'
     1>c:\users\austen\documents\github\burningsymbol\src\entities.h(90): warning C4244: 'return' : conversion from 'double' to 'int', possible loss of data
     1>c:\users\austen\documents\github\burningsymbol\src\entities.h(91): warning C4244: 'return' : conversion from 'double' to 'int', possible loss of data
     1>c:\users\austen\documents\github\burningsymbol\src\entities.h(92): warning C4244: 'return' : conversion from 'double' to 'int', possible loss of data
     1>c:\users\austen\documents\github\burningsymbol\src\unit.h(120): warning C4800: 'int' : forcing value to bool 'true' or 'false' (performance warning)
     1>c:\users\austen\documents\github\burningsymbol\src\data.cpp(249): warning C4018: '<' : signed/unsigned mismatch
     1>c:\users\austen\documents\github\burningsymbol\src\data.cpp(44): warning C4101: 'd' : unreferenced local variable
         Engine.cpp
     1>c:\users\austen\documents\github\burningsymbol\src\threading.h(5): warning C4005: 'M_THREAD' : macro redefinition
                 command-line arguments :  see previous definition of 'M_THREAD'
     1>c:\users\austen\documents\github\burningsymbol\src\entities.h(90): warning C4244: 'return' : conversion from 'double' to 'int', possible loss of data
     1>c:\users\austen\documents\github\burningsymbol\src\entities.h(91): warning C4244: 'return' : conversion from 'double' to 'int', possible loss of data
     1>c:\users\austen\documents\github\burningsymbol\src\entities.h(92): warning C4244: 'return' : conversion from 'double' to 'int', possible loss of data
     1>c:\users\austen\documents\github\burningsymbol\src\unit.h(120): warning C4800: 'int' : forcing value to bool 'true' or 'false' (performance warning)
         Config.cpp
     1>c:\users\austen\documents\github\burningsymbol\src\threading.h(5): warning C4005: 'M_THREAD' : macro redefinition
                 command-line arguments :  see previous definition of 'M_THREAD'
         Clock.cpp
         Battle.cpp
         astar.cpp
         Generating Code...
       Link:
         C:\Program Files (x86)\Microsoft Visual Studio 12.0\VC\bin\link.exe /ERRORREPORT:PROMPT /OUT:"C:\Users\Austen\Documents\GitHub\burningsymbol\vs2013\BurningSymbol\$..\..\bin\BurningSymbol.exe" /INCREMENTAL /NOLOGO SDL2.lib SDL2main.lib SDL2_image.lib lua52.lib pthreadVC2.lib pthreadVC2.lib kernel32.lib user32.lib gdi32.lib winspool.lib comdlg32.lib advapi32.lib shell32.lib ole32.lib oleaut32.lib uuid.lib odbc32.lib odbccp32.lib /MANIFEST /MANIFESTUAC:"level='asInvoker' uiAccess='false'" /manifest:embed /DEBUG /PDB:"C:\Users\Austen\Documents\GitHub\burningsymbol\vs2013\BurningSymbol\$..\..\bin\BurningSymbol.pdb" /SUBSYSTEM:CONSOLE /TLBID:1 /DYNAMICBASE /NXCOMPAT /IMPLIB:"C:\Users\Austen\Documents\GitHub\burningsymbol\vs2013\BurningSymbol\$..\..\bin\BurningSymbol.lib" /MACHINE:X86 Debug\astar.obj
         Debug\Battle.obj
         Debug\Clock.obj
         Debug\Config.obj
         Debug\Engine.obj
         Debug\Data.obj
         Debug\Dialog.obj
         Debug\Entities.obj
         Debug\EntityPool.obj
         Debug\Graphics.obj
         Debug\Index.obj
         Debug\Input.obj
         Debug\Items.obj
         Debug\Logic.obj
         Debug\main.obj
         Debug\Map.obj
         Debug\Menu.obj
         Debug\Message.obj
         Debug\OrderedPool.obj
         Debug\Resources.obj
         Debug\Scripting.obj
         Debug\ScriptingLibraries.obj
         Debug\Sequence.obj
         Debug\State.obj
         Debug\Status.obj
         Debug\Threading.obj
         Debug\Tile.obj
         Debug\Unit.obj
     1>LINK : warning LNK4098: defaultlib 'LIBCMT' conflicts with use of other libs; use /NODEFAULTLIB:library
     1>MSVCRTD.lib(cinitexe.obj) : warning LNK4098: defaultlib 'msvcrt.lib' conflicts with use of other libs; use /NODEFAULTLIB:library
         BurningSymbol.vcxproj -> C:\Users\Austen\Documents\GitHub\burningsymbol\vs2013\BurningSymbol\$..\..\bin\BurningSymbol.exe
       PostBuildEvent:
         copy F:\lib\SDL2-2.0.3\lib\x86\SDL2.dll C:\Users\Austen\Documents\GitHub\burningsymbol\vs2013\BurningSymbol\$..\..\bin\
         copy F:\lib\SDL2_image-2.0.0\lib\x86\*.dll C:\Users\Austen\Documents\GitHub\burningsymbol\vs2013\BurningSymbol\$..\..\bin\
         copy F:\lib\pthreads\dll\x86\pthreadVC2.dll
         
         :VCEnd
                 1 file(s) copied.
         F:\lib\SDL2_image-2.0.0\lib\x86\libjpeg-9.dll
         F:\lib\SDL2_image-2.0.0\lib\x86\libpng16-16.dll
         F:\lib\SDL2_image-2.0.0\lib\x86\libtiff-5.dll
         F:\lib\SDL2_image-2.0.0\lib\x86\libwebp-4.dll
         F:\lib\SDL2_image-2.0.0\lib\x86\SDL2_image.dll
         F:\lib\SDL2_image-2.0.0\lib\x86\zlib1.dll
                 6 file(s) copied.
                 1 file(s) copied.
     1>Done Building Project "C:\Users\Austen\Documents\GitHub\burningsymbol\vs2013\BurningSymbol\BurningSymbol.vcxproj" (Rebuild target(s)).

Build succeeded.

Time Elapsed 00:00:17.81
