c:\users\austen\documents\github\burningsymbol\vs2013\burningsymbol\debug\vc120.pdb
c:\users\austen\documents\github\burningsymbol\vs2013\burningsymbol\debug\vc120.idb
c:\users\austen\documents\github\burningsymbol\vs2013\burningsymbol\debug\graphics.obj
c:\users\austen\documents\github\burningsymbol\vs2013\burningsymbol\debug\index.obj
c:\users\austen\documents\github\burningsymbol\vs2013\burningsymbol\debug\input.obj
c:\users\austen\documents\github\burningsymbol\vs2013\burningsymbol\debug\items.obj
c:\users\austen\documents\github\burningsymbol\vs2013\burningsymbol\debug\logic.obj
c:\users\austen\documents\github\burningsymbol\vs2013\burningsymbol\debug\main.obj
c:\users\austen\documents\github\burningsymbol\vs2013\burningsymbol\debug\map.obj
c:\users\austen\documents\github\burningsymbol\vs2013\burningsymbol\debug\orderedpool.obj
c:\users\austen\documents\github\burningsymbol\vs2013\burningsymbol\debug\scripting.obj
c:\users\austen\documents\github\burningsymbol\vs2013\burningsymbol\debug\scriptinglibraries.obj
c:\users\austen\documents\github\burningsymbol\vs2013\burningsymbol\debug\sequence.obj
c:\users\austen\documents\github\burningsymbol\vs2013\burningsymbol\debug\state.obj
c:\users\austen\documents\github\burningsymbol\vs2013\burningsymbol\debug\threading.obj
c:\users\austen\documents\github\burningsymbol\vs2013\burningsymbol\debug\tile.obj
c:\users\austen\documents\github\burningsymbol\vs2013\burningsymbol\debug\unit.obj
c:\users\austen\documents\github\burningsymbol\vs2013\burningsymbol\debug\astar.obj
c:\users\austen\documents\github\burningsymbol\vs2013\burningsymbol\debug\battle.obj
c:\users\austen\documents\github\burningsymbol\vs2013\burningsymbol\debug\clock.obj
c:\users\austen\documents\github\burningsymbol\vs2013\burningsymbol\debug\controller.obj
c:\users\austen\documents\github\burningsymbol\vs2013\burningsymbol\debug\dialog.obj
c:\users\austen\documents\github\burningsymbol\vs2013\burningsymbol\debug\entitypool.obj
c:\users\austen\documents\github\burningsymbol\vs2013\burningsymbol\debug\burningsymbol.tlog\cl.command.1.tlog
c:\users\austen\documents\github\burningsymbol\vs2013\burningsymbol\debug\burningsymbol.tlog\cl.read.1.tlog
c:\users\austen\documents\github\burningsymbol\vs2013\burningsymbol\debug\burningsymbol.tlog\cl.write.1.tlog
